<?xml version="1.0" encoding="UTF-8"?><testsuite errors="0" failures="1" name="Cancelacion de Certificado de Deposito" skipped="0" tests="1" time="53.51" timestamp="2021-05-05 12:48:01"><testcase name="Verificar la cancelación de un Certificado de Deposito con NC a una cuenta aho/cte cerrada"><failure message="Expected enabled element was not enabled" type="net.thucydides.core.webdriver.exceptions.ElementShouldBeEnabledException">Expected enabled element was not enabled</failure><system-err>Expected enabled element was not enabled&#13;
com.cobiscorp.cobis.serenity.actions.BaseActions.clickOn(BaseActions.java:52)&#13;
com.cobiscorp.cobis.serenity.actions.GridActions.selectRecordByColumnAndText(GridActions.java:43)&#13;
com.cobiscorp.cobis.pfprt.test.impl.steps.CancelacionCertificado.llena_el_formulario_de_forma_de_pago_a_con(CancelacionCertificado.java:61)&#13;
io.cucumber.java.Invoker.invoke(Invoker.java:27)&#13;
io.cucumber.java.JavaStepDefinition.execute(JavaStepDefinition.java:27)&#13;
io.cucumber.core.runner.PickleStepDefinitionMatch.runStep(PickleStepDefinitionMatch.java:63)&#13;
io.cucumber.core.runner.TestStep.executeStep(TestStep.java:64)&#13;
io.cucumber.core.runner.TestStep.run(TestStep.java:49)&#13;
io.cucumber.core.runner.PickleStepTestStep.run(PickleStepTestStep.java:46)&#13;
io.cucumber.core.runner.TestCase.run(TestCase.java:51)&#13;
io.cucumber.core.runner.Runner.runPickle(Runner.java:66)&#13;
io.cucumber.junit.FeatureRunner.runChild(FeatureRunner.java:83)&#13;
io.cucumber.junit.FeatureRunner.runChild(FeatureRunner.java:24)&#13;
io.cucumber.junit.CucumberSerenityRunner.runChild(CucumberSerenityRunner.java:227)&#13;
io.cucumber.junit.CucumberSerenityRunner.runChild(CucumberSerenityRunner.java:54)&#13;
</system-err></testcase></testsuite>